<?xml version="1.0" encoding="UTF-8"?>
<!-- Generated by org.testng.reporters.JUnitReportReporter -->
<testsuite hostname="DESKTOP-81KRV25" failures="0" tests="1" name="OAuthPojo.OAuth" time="1.947" errors="0" timestamp="2024-02-04T19:27:18 IST" skipped="0">
  <testcase classname="OAuthPojo.OAuth" name="Serialization" time="1.947"/>
</testsuite> <!-- OAuthPojo.OAuth -->
