<?xml version="1.0" encoding="UTF-8"?>
<!-- Generated by org.testng.reporters.JUnitReportReporter -->
<testsuite hostname="DESKTOP-81KRV25" failures="0" tests="3" name="DynamicJson" time="2.071" errors="0" timestamp="2024-01-29T14:34:49 IST" skipped="0">
  <testcase classname="DynamicJson" name="addBook" time="1.830"/>
  <testcase classname="DynamicJson" name="addBook" time="0.122"/>
  <testcase classname="DynamicJson" name="addBook" time="0.119"/>
</testsuite> <!-- DynamicJson -->
