<?xml version="1.0" encoding="UTF-8"?>
<!-- Generated by org.testng.reporters.JUnitReportReporter -->
<testsuite hostname="DESKTOP-81KRV25" failures="0" tests="1" name="TotalPriceCheck" time="1.090" errors="0" timestamp="2024-01-29T11:48:39 IST" skipped="0">
  <testcase classname="TotalPriceCheck" name="checkPrice" time="1.090"/>
</testsuite> <!-- TotalPriceCheck -->
