<?xml version="1.0" encoding="UTF-8"?>
<!-- Generated by org.testng.reporters.JUnitReportReporter -->
<testsuite hostname="DESKTOP-81KRV25" failures="0" tests="1" name="EcommerceProject.EcommerceApiTest" time="4.182" errors="0" timestamp="2024-02-05T10:40:54 IST" skipped="0">
  <testcase classname="EcommerceProject.EcommerceApiTest" name="commerce" time="4.182"/>
</testsuite> <!-- EcommerceProject.EcommerceApiTest -->
