<?xml version="1.0" encoding="UTF-8"?>
<!-- Generated by org.testng.reporters.JUnitReportReporter -->
<testsuite hostname="DESKTOP-81KRV25" failures="0" tests="1" name="FileReadFromJson" time="2.715" errors="0" timestamp="2024-01-30T22:50:51 IST" skipped="0">
  <testcase classname="FileReadFromJson" name="ReadJsonFile" time="2.715"/>
</testsuite> <!-- FileReadFromJson -->
